main.js:34 <a id=​"test" href=​"test.html" class=​"nav-link">​<FUCK MY LIFE>​</a>​
apod.js:19 START: STARTstart date is 2021-04-21
apod.js:20 START:END date is 2021-04-14
apod.js:83 youtube
apod.js:83 youtube
apod.js:37 END:START date is 2021-04-21
apod.js:38 END:END date is 2021-04-14
apod.js:19 START: STARTstart date is 2021-04-14
apod.js:20 START:END date is 2021-04-07
apod.js:19 START: STARTstart date is 2021-04-07
apod.js:20 START:END date is 2021-03-31
apod.js:19 START: STARTstart date is 2021-03-31
apod.js:20 START:END date is 2021-03-24
apod.js:19 START: STARTstart date is 2021-03-24
apod.js:20 START:END date is 2021-03-17
apod.js:19 START: STARTstart date is 2021-03-17
apod.js:20 START:END date is 2021-03-10
apod.js:83 youtube
apod.js:37 END:START date is 2021-03-17
apod.js:38 END:END date is 2021-03-10
apod.js:83 youtube
apod.js:37 END:START date is 2021-03-17
apod.js:38 END:END date is 2021-03-10
apod.js:37 END:START date is 2021-03-17
apod.js:38 END:END date is 2021-03-10
apod.js:37 END:START date is 2021-03-17
apod.js:38 END:END date is 2021-03-10
apod.js:83 youtube
apod.js:37 END:START date is 2021-03-17
apod.js:38 END:END date is 2021-03-10
apod.js:19 START: STARTstart date is 2021-03-10
apod.js:20 START:END date is 2021-03-03
apod.js:19 START: STARTstart date is 2021-03-03
apod.js:20 START:END date is 2021-02-24
apod.js:19 START: STARTstart date is 2021-02-24
apod.js:20 START:END date is 2021-02-17
apod.js:19 START: STARTstart date is 2021-02-17
apod.js:20 START:END date is 2021-02-10
apod.js:19 START: STARTstart date is 2021-02-10
apod.js:20 START:END date is 2021-02-03
apod.js:19 START: STARTstart date is 2021-02-03
apod.js:20 START:END date is 2021-01-27
apod.js:19 START: STARTstart date is 2021-01-27
apod.js:20 START:END date is 2021-01-20
apod.js:19 START: STARTstart date is 2021-01-20
apod.js:20 START:END date is 2021-01-13
apod.js:37 END:START date is 2021-01-20
apod.js:38 END:END date is 2021-01-13
apod.js:37 END:START date is 2021-01-20
apod.js:38 END:END date is 2021-01-13
Cross-Origin Read Blocking (CORB) blocked cross-origin response https://mars.nasa.gov/layout/embed/image/mars-panorama/?id=25674 with MIME type text/html. See https://www.chromestatus.com/feature/5629709824032768 for more details.
apod.js:83 youtube
apod.js:83 youtube
apod.js:37 END:START date is 2021-01-20
apod.js:38 END:END date is 2021-01-13
apod.js:83 youtube
apod.js:37 END:START date is 2021-01-20
apod.js:38 END:END date is 2021-01-13
apod.js:83 youtube
apod.js:83 youtube
apod.js:37 END:START date is 2021-01-20
apod.js:38 END:END date is 2021-01-13
apod.js:83 youtube
apod.js:37 END:START date is 2021-01-20
apod.js:38 END:END date is 2021-01-13
apod.js:37 END:START date is 2021-01-20
apod.js:38 END:END date is 2021-01-13
apod.js:37 END:START date is 2021-01-20
apod.js:38 END:END date is 2021-01-13
